<?xml version="1.0" encoding="UTF-8"?>
<coverage generated="1770463756544" clover="3.2.0">
  <project timestamp="1770463756544" name="All files">
    <metrics statements="5" coveredstatements="5" conditionals="2" coveredconditionals="2" methods="1" coveredmethods="1" elements="8" coveredelements="8" complexity="0" loc="5" ncloc="5" packages="1" files="1" classes="1"/>
    <file name="InventoryManager.js" path="/Users/famaoai/gemini/skills/github/evidence/simulations/webapp-sim12/src/InventoryManager.js">
      <metrics statements="5" coveredstatements="5" conditionals="2" coveredconditionals="2" methods="1" coveredmethods="1"/>
      <line num="5" count="3" type="stmt"/>
      <line num="6" count="3" type="cond" truecount="2" falsecount="0"/>
      <line num="7" count="1" type="stmt"/>
      <line num="9" count="2" type="stmt"/>
      <line num="12" count="1" type="stmt"/>
    </file>
  </project>
</coverage>
