{"total": {"lines":{"total":1523,"covered":967,"skipped":0,"pct":63.49},"statements":{"total":1523,"covered":967,"skipped":0,"pct":63.49},"functions":{"total":66,"covered":35,"skipped":0,"pct":53.03},"branches":{"total":126,"covered":83,"skipped":0,"pct":65.87},"branchesTrue":{"total":0,"covered":0,"skipped":0,"pct":"Unknown"}}
,"/Users/famaoai/gemini/skills/github/scripts/lib/classifier.cjs": {"lines":{"total":60,"covered":60,"skipped":0,"pct":100},"functions":{"total":2,"covered":2,"skipped":0,"pct":100},"statements":{"total":60,"covered":60,"skipped":0,"pct":100},"branches":{"total":10,"covered":10,"skipped":0,"pct":100}}
,"/Users/famaoai/gemini/skills/github/scripts/lib/cli-utils.cjs": {"lines":{"total":35,"covered":35,"skipped":0,"pct":100},"functions":{"total":1,"covered":1,"skipped":0,"pct":100},"statements":{"total":35,"covered":35,"skipped":0,"pct":100},"branches":{"total":2,"covered":2,"skipped":0,"pct":100}}
,"/Users/famaoai/gemini/skills/github/scripts/lib/config-loader.cjs": {"lines":{"total":23,"covered":17,"skipped":0,"pct":73.91},"functions":{"total":1,"covered":1,"skipped":0,"pct":100},"statements":{"total":23,"covered":17,"skipped":0,"pct":73.91},"branches":{"total":3,"covered":2,"skipped":0,"pct":66.66}}
,"/Users/famaoai/gemini/skills/github/scripts/lib/core.cjs": {"lines":{"total":217,"covered":173,"skipped":0,"pct":79.72},"functions":{"total":15,"covered":5,"skipped":0,"pct":33.33},"statements":{"total":217,"covered":173,"skipped":0,"pct":79.72},"branches":{"total":12,"covered":6,"skipped":0,"pct":50}}
,"/Users/famaoai/gemini/skills/github/scripts/lib/fs-utils.cjs": {"lines":{"total":50,"covered":45,"skipped":0,"pct":90},"functions":{"total":2,"covered":1,"skipped":0,"pct":50},"statements":{"total":50,"covered":45,"skipped":0,"pct":90},"branches":{"total":14,"covered":13,"skipped":0,"pct":92.85}}
,"/Users/famaoai/gemini/skills/github/scripts/lib/metrics.cjs": {"lines":{"total":232,"covered":125,"skipped":0,"pct":53.87},"functions":{"total":9,"covered":3,"skipped":0,"pct":33.33},"statements":{"total":232,"covered":125,"skipped":0,"pct":53.87},"branches":{"total":7,"covered":5,"skipped":0,"pct":71.42}}
,"/Users/famaoai/gemini/skills/github/scripts/lib/secure-io.cjs": {"lines":{"total":230,"covered":99,"skipped":0,"pct":43.04},"functions":{"total":7,"covered":0,"skipped":0,"pct":0},"statements":{"total":230,"covered":99,"skipped":0,"pct":43.04},"branches":{"total":1,"covered":1,"skipped":0,"pct":100}}
,"/Users/famaoai/gemini/skills/github/scripts/lib/skill-wrapper.cjs": {"lines":{"total":410,"covered":202,"skipped":0,"pct":49.26},"functions":{"total":18,"covered":13,"skipped":0,"pct":72.22},"statements":{"total":410,"covered":202,"skipped":0,"pct":49.26},"branches":{"total":44,"covered":26,"skipped":0,"pct":59.09}}
,"/Users/famaoai/gemini/skills/github/scripts/lib/tier-guard.cjs": {"lines":{"total":151,"covered":121,"skipped":0,"pct":80.13},"functions":{"total":6,"covered":5,"skipped":0,"pct":83.33},"statements":{"total":151,"covered":121,"skipped":0,"pct":80.13},"branches":{"total":18,"covered":12,"skipped":0,"pct":66.66}}
,"/Users/famaoai/gemini/skills/github/scripts/lib/validators.cjs": {"lines":{"total":115,"covered":90,"skipped":0,"pct":78.26},"functions":{"total":5,"covered":4,"skipped":0,"pct":80},"statements":{"total":115,"covered":90,"skipped":0,"pct":78.26},"branches":{"total":15,"covered":6,"skipped":0,"pct":40}}
}
